2022-11-28 15:44:18.135  INFO 13656 --- [restartedMain] c.doul.sy.secucom1.Secucom1Application   : Starting Secucom1Application using Java 18.0.2 on DESKTOP-CD8E6AM with PID 13656 (C:\Users\PC\Bureau\secucom1\target\classes started by PC in C:\Users\PC\Bureau\secucom1)
2022-11-28 15:44:18.137  INFO 13656 --- [restartedMain] c.doul.sy.secucom1.Secucom1Application   : No active profile set, falling back to 1 default profile: "default"
2022-11-28 15:44:18.312  INFO 13656 --- [restartedMain] .e.DevToolsPropertyDefaultsPostProcessor : Devtools property defaults active! Set 'spring.devtools.add-properties' to 'false' to disable
2022-11-28 15:44:18.315  INFO 13656 --- [restartedMain] .e.DevToolsPropertyDefaultsPostProcessor : For additional web related logging consider setting the 'logging.level.web' property to 'DEBUG'
2022-11-28 15:44:19.711  INFO 13656 --- [restartedMain] .s.d.r.c.RepositoryConfigurationDelegate : Bootstrapping Spring Data JPA repositories in DEFAULT mode.
2022-11-28 15:44:19.814  INFO 13656 --- [restartedMain] .s.d.r.c.RepositoryConfigurationDelegate : Finished Spring Data repository scanning in 90 ms. Found 2 JPA repository interfaces.
2022-11-28 15:44:21.082  INFO 13656 --- [restartedMain] o.s.b.w.embedded.tomcat.TomcatWebServer  : Tomcat initialized with port(s): 9898 (http)
2022-11-28 15:44:21.102  INFO 13656 --- [restartedMain] o.apache.catalina.core.StandardService   : Starting service [Tomcat]
2022-11-28 15:44:21.103  INFO 13656 --- [restartedMain] org.apache.catalina.core.StandardEngine  : Starting Servlet engine: [Apache Tomcat/9.0.68]
2022-11-28 15:44:21.273  INFO 13656 --- [restartedMain] o.a.c.c.C.[Tomcat].[localhost].[/]       : Initializing Spring embedded WebApplicationContext
2022-11-28 15:44:21.274  INFO 13656 --- [restartedMain] w.s.c.ServletWebServerApplicationContext : Root WebApplicationContext: initialization completed in 2952 ms
2022-11-28 15:44:21.354  INFO 13656 --- [restartedMain] com.zaxxer.hikari.HikariDataSource       : HikariPool-1 - Starting...
2022-11-28 15:44:21.668  INFO 13656 --- [restartedMain] com.zaxxer.hikari.HikariDataSource       : HikariPool-1 - Start completed.
2022-11-28 15:44:21.681  INFO 13656 --- [restartedMain] o.s.b.a.h2.H2ConsoleAutoConfiguration    : H2 console available at '/h2-console'. Database available at 'jdbc:mysql://localhost:3306/secucom1'
2022-11-28 15:44:22.002  INFO 13656 --- [restartedMain] o.hibernate.jpa.internal.util.LogHelper  : HHH000204: Processing PersistenceUnitInfo [name: default]
2022-11-28 15:44:22.093  INFO 13656 --- [restartedMain] org.hibernate.Version                    : HHH000412: Hibernate ORM core version 5.6.12.Final
2022-11-28 15:44:22.392  INFO 13656 --- [restartedMain] o.hibernate.annotations.common.Version   : HCANN000001: Hibernate Commons Annotations {5.1.2.Final}
2022-11-28 15:44:22.637  INFO 13656 --- [restartedMain] org.hibernate.dialect.Dialect            : HHH000400: Using dialect: org.hibernate.dialect.MySQL55Dialect
2022-11-28 15:44:24.177  INFO 13656 --- [restartedMain] o.h.e.t.j.p.i.JtaPlatformInitiator       : HHH000490: Using JtaPlatform implementation: [org.hibernate.engine.transaction.jta.platform.internal.NoJtaPlatform]
2022-11-28 15:44:24.188  INFO 13656 --- [restartedMain] j.LocalContainerEntityManagerFactoryBean : Initialized JPA EntityManagerFactory for persistence unit 'default'
2022-11-28 15:44:25.171  INFO 13656 --- [restartedMain] o.s.s.web.DefaultSecurityFilterChain     : Will secure any request with [org.springframework.security.web.session.DisableEncodeUrlFilter@986f1de, org.springframework.security.web.context.request.async.WebAsyncManagerIntegrationFilter@4a213a71, org.springframework.security.web.context.SecurityContextPersistenceFilter@4819c4bc, org.springframework.security.web.header.HeaderWriterFilter@373e4c97, org.springframework.security.web.authentication.logout.LogoutFilter@1abf6199, org.springframework.security.oauth2.client.web.OAuth2AuthorizationRequestRedirectFilter@2278f49b, org.springframework.security.oauth2.client.web.OAuth2LoginAuthenticationFilter@125459f1, org.springframework.security.web.authentication.UsernamePasswordAuthenticationFilter@25e8705a, org.springframework.security.web.authentication.ui.DefaultLoginPageGeneratingFilter@45737805, org.springframework.security.web.authentication.ui.DefaultLogoutPageGeneratingFilter@3b79cbc1, org.springframework.security.oauth2.server.resource.web.BearerTokenAuthenticationFilter@75492b45, org.springframework.security.web.authentication.www.BasicAuthenticationFilter@526479a5, org.springframework.security.web.savedrequest.RequestCacheAwareFilter@742819e4, org.springframework.security.web.servletapi.SecurityContextHolderAwareRequestFilter@1da7d8ff, org.springframework.security.web.authentication.AnonymousAuthenticationFilter@1c627b9f, org.springframework.security.web.session.SessionManagementFilter@4e147868, org.springframework.security.web.access.ExceptionTranslationFilter@1e0881fa, org.springframework.security.web.access.intercept.FilterSecurityInterceptor@51d308fe]
2022-11-28 15:44:25.257  WARN 13656 --- [restartedMain] JpaBaseConfiguration$JpaWebConfiguration : spring.jpa.open-in-view is enabled by default. Therefore, database queries may be performed during view rendering. Explicitly configure spring.jpa.open-in-view to disable this warning
2022-11-28 15:44:25.831  INFO 13656 --- [restartedMain] o.s.b.d.a.OptionalLiveReloadServer       : LiveReload server is running on port 35729
2022-11-28 15:44:25.889  INFO 13656 --- [restartedMain] o.s.b.w.embedded.tomcat.TomcatWebServer  : Tomcat started on port(s): 9898 (http) with context path ''
2022-11-28 15:44:25.903  INFO 13656 --- [restartedMain] c.doul.sy.secucom1.Secucom1Application   : Started Secucom1Application in 8.465 seconds (JVM running for 10.355)
2022-11-28 15:44:26.132  INFO 13656 --- [restartedMain] c.d.s.s.serviceImpl.AccountServiceImpl   : Ajout collaborateur
2022-11-28 15:44:26.617  INFO 13656 --- [restartedMain] c.d.s.s.serviceImpl.AccountServiceImpl   : Ajout collaborateur
2022-11-28 15:44:26.759  INFO 13656 --- [restartedMain] c.d.s.s.serviceImpl.AccountServiceImpl   : Ajout collaborateur
2022-11-28 15:44:26.965  INFO 13656 --- [restartedMain] c.d.s.s.serviceImpl.AccountServiceImpl   : Ajout collaborateur
2022-11-28 15:44:42.151  INFO 13656 --- [SpringApplicationShutdownHook] j.LocalContainerEntityManagerFactoryBean : Closing JPA EntityManagerFactory for persistence unit 'default'
2022-11-28 15:44:42.155  INFO 13656 --- [SpringApplicationShutdownHook] com.zaxxer.hikari.HikariDataSource       : HikariPool-1 - Shutdown initiated...
2022-11-28 15:44:42.224  INFO 13656 --- [SpringApplicationShutdownHook] com.zaxxer.hikari.HikariDataSource       : HikariPool-1 - Shutdown completed.
2022-11-28 15:44:50.285  INFO 15380 --- [restartedMain] c.doul.sy.secucom1.Secucom1Application   : Starting Secucom1Application using Java 18.0.2 on DESKTOP-CD8E6AM with PID 15380 (C:\Users\PC\Bureau\secucom1\target\classes started by PC in C:\Users\PC\Bureau\secucom1)
2022-11-28 15:44:50.287  INFO 15380 --- [restartedMain] c.doul.sy.secucom1.Secucom1Application   : No active profile set, falling back to 1 default profile: "default"
2022-11-28 15:44:50.438  INFO 15380 --- [restartedMain] .e.DevToolsPropertyDefaultsPostProcessor : Devtools property defaults active! Set 'spring.devtools.add-properties' to 'false' to disable
2022-11-28 15:44:50.438  INFO 15380 --- [restartedMain] .e.DevToolsPropertyDefaultsPostProcessor : For additional web related logging consider setting the 'logging.level.web' property to 'DEBUG'
2022-11-28 15:44:51.541  INFO 15380 --- [restartedMain] .s.d.r.c.RepositoryConfigurationDelegate : Bootstrapping Spring Data JPA repositories in DEFAULT mode.
2022-11-28 15:44:51.628  INFO 15380 --- [restartedMain] .s.d.r.c.RepositoryConfigurationDelegate : Finished Spring Data repository scanning in 74 ms. Found 2 JPA repository interfaces.
2022-11-28 15:44:53.783  INFO 15380 --- [restartedMain] o.s.b.w.embedded.tomcat.TomcatWebServer  : Tomcat initialized with port(s): 9898 (http)
2022-11-28 15:44:53.854  INFO 15380 --- [restartedMain] o.apache.catalina.core.StandardService   : Starting service [Tomcat]
2022-11-28 15:44:53.856  INFO 15380 --- [restartedMain] org.apache.catalina.core.StandardEngine  : Starting Servlet engine: [Apache Tomcat/9.0.68]
2022-11-28 15:44:54.228  INFO 15380 --- [restartedMain] o.a.c.c.C.[Tomcat].[localhost].[/]       : Initializing Spring embedded WebApplicationContext
2022-11-28 15:44:54.230  INFO 15380 --- [restartedMain] w.s.c.ServletWebServerApplicationContext : Root WebApplicationContext: initialization completed in 3789 ms
2022-11-28 15:44:54.287  INFO 15380 --- [restartedMain] com.zaxxer.hikari.HikariDataSource       : HikariPool-1 - Starting...
2022-11-28 15:44:54.688  INFO 15380 --- [restartedMain] com.zaxxer.hikari.HikariDataSource       : HikariPool-1 - Start completed.
2022-11-28 15:44:54.719  INFO 15380 --- [restartedMain] o.s.b.a.h2.H2ConsoleAutoConfiguration    : H2 console available at '/h2-console'. Database available at 'jdbc:mysql://localhost:3306/secucom1'
2022-11-28 15:44:55.306  INFO 15380 --- [restartedMain] o.hibernate.jpa.internal.util.LogHelper  : HHH000204: Processing PersistenceUnitInfo [name: default]
2022-11-28 15:44:55.397  INFO 15380 --- [restartedMain] org.hibernate.Version                    : HHH000412: Hibernate ORM core version 5.6.12.Final
2022-11-28 15:44:55.726  INFO 15380 --- [restartedMain] o.hibernate.annotations.common.Version   : HCANN000001: Hibernate Commons Annotations {5.1.2.Final}
2022-11-28 15:44:55.902  INFO 15380 --- [restartedMain] org.hibernate.dialect.Dialect            : HHH000400: Using dialect: org.hibernate.dialect.MySQL55Dialect
2022-11-28 15:44:57.172  INFO 15380 --- [restartedMain] o.h.e.t.j.p.i.JtaPlatformInitiator       : HHH000490: Using JtaPlatform implementation: [org.hibernate.engine.transaction.jta.platform.internal.NoJtaPlatform]
2022-11-28 15:44:57.184  INFO 15380 --- [restartedMain] j.LocalContainerEntityManagerFactoryBean : Initialized JPA EntityManagerFactory for persistence unit 'default'
2022-11-28 15:44:58.988  INFO 15380 --- [restartedMain] o.s.s.web.DefaultSecurityFilterChain     : Will secure any request with [org.springframework.security.web.session.DisableEncodeUrlFilter@34e6855, org.springframework.security.web.context.request.async.WebAsyncManagerIntegrationFilter@725abf7b, org.springframework.security.web.context.SecurityContextPersistenceFilter@13e51af8, org.springframework.security.web.header.HeaderWriterFilter@5043a661, org.springframework.security.web.authentication.logout.LogoutFilter@78f12705, org.springframework.security.oauth2.client.web.OAuth2AuthorizationRequestRedirectFilter@613202bf, org.springframework.security.oauth2.client.web.OAuth2LoginAuthenticationFilter@3f9467a1, org.springframework.security.web.authentication.UsernamePasswordAuthenticationFilter@14b7dd7b, org.springframework.security.web.authentication.ui.DefaultLoginPageGeneratingFilter@6c2d863b, org.springframework.security.web.authentication.ui.DefaultLogoutPageGeneratingFilter@339c0f3, org.springframework.security.oauth2.server.resource.web.BearerTokenAuthenticationFilter@61e53545, org.springframework.security.web.authentication.www.BasicAuthenticationFilter@2e8be320, org.springframework.security.web.savedrequest.RequestCacheAwareFilter@1abf6199, org.springframework.security.web.servletapi.SecurityContextHolderAwareRequestFilter@56197990, org.springframework.security.web.authentication.AnonymousAuthenticationFilter@524e22fc, org.springframework.security.web.session.SessionManagementFilter@2d6974d3, org.springframework.security.web.access.ExceptionTranslationFilter@1b1501, org.springframework.security.web.access.intercept.FilterSecurityInterceptor@78d83029]
2022-11-28 15:44:59.061  WARN 15380 --- [restartedMain] JpaBaseConfiguration$JpaWebConfiguration : spring.jpa.open-in-view is enabled by default. Therefore, database queries may be performed during view rendering. Explicitly configure spring.jpa.open-in-view to disable this warning
2022-11-28 15:44:59.551  INFO 15380 --- [restartedMain] o.s.b.d.a.OptionalLiveReloadServer       : LiveReload server is running on port 35729
2022-11-28 15:44:59.608  INFO 15380 --- [restartedMain] o.s.b.w.embedded.tomcat.TomcatWebServer  : Tomcat started on port(s): 9898 (http) with context path ''
2022-11-28 15:44:59.632  INFO 15380 --- [restartedMain] c.doul.sy.secucom1.Secucom1Application   : Started Secucom1Application in 10.095 seconds (JVM running for 11.569)
2022-11-28 15:44:59.778  INFO 15380 --- [restartedMain] c.d.s.s.serviceImpl.AccountServiceImpl   : Ajout collaborateur
2022-11-28 15:45:00.132  INFO 15380 --- [restartedMain] c.d.s.s.serviceImpl.AccountServiceImpl   : Ajout collaborateur
2022-11-28 15:45:00.340  INFO 15380 --- [restartedMain] c.d.s.s.serviceImpl.AccountServiceImpl   : Ajout collaborateur
2022-11-28 15:45:00.495  INFO 15380 --- [restartedMain] c.d.s.s.serviceImpl.AccountServiceImpl   : Ajout collaborateur
2022-11-28 18:18:17.861  WARN 15380 --- [HikariPool-1 housekeeper] com.zaxxer.hikari.pool.HikariPool        : HikariPool-1 - Thread starvation or clock leap detected (housekeeper delta=2m50s125ms254µs700ns).
